This is pdfTeX, Version 3.14159265-2.6-1.40.19 (TeX Live 2018/Arch Linux) (preloaded format=pdflatex 2019.4.7)  17 APR 2019 03:31
entering extended mode
 restricted \write18 enabled.
 file:line:error style messages enabled.
 %&-line parsing enabled.
**Notes.tex
(./Notes.tex
LaTeX2e <2018-12-01>
(/usr/share/texmf-dist/tex/latex/base/article.cls
Document Class: article 2018/09/03 v1.4i Standard LaTeX document class
(/usr/share/texmf-dist/tex/latex/base/size11.clo
File: size11.clo 2018/09/03 v1.4i Standard LaTeX file (size option)
)
\c@part=\count80
\c@section=\count81
\c@subsection=\count82
\c@subsubsection=\count83
\c@paragraph=\count84
\c@subparagraph=\count85
\c@figure=\count86
\c@table=\count87
\abovecaptionskip=\skip41
\belowcaptionskip=\skip42
\bibindent=\dimen102
) (/usr/share/texmf-dist/tex/latex/base/inputenc.sty
Package: inputenc 2018/08/11 v1.3c Input encoding file
\inpenc@prehook=\toks14
\inpenc@posthook=\toks15
) (/usr/share/texmf-dist/tex/latex/parskip/parskip.sty
Package: parskip 2019-01-16 v2.0c non-zero parskip adjustments
 (/usr/share/texmf-dist/tex/latex/oberdiek/kvoptions.sty
Package: kvoptions 2016/05/16 v3.12 Key value format for package options (HO)
 (/usr/share/texmf-dist/tex/latex/graphics/keyval.sty
Package: keyval 2014/10/28 v1.15 key=value parser (DPC)
\KV@toks@=\toks16
) (/usr/share/texmf-dist/tex/generic/oberdiek/ltxcmds.sty
Package: ltxcmds 2016/05/16 v1.23 LaTeX kernel commands for general use (HO)
) (/usr/share/texmf-dist/tex/generic/oberdiek/kvsetkeys.sty
Package: kvsetkeys 2016/05/16 v1.17 Key value parser (HO)
 (/usr/share/texmf-dist/tex/generic/oberdiek/infwarerr.sty
Package: infwarerr 2016/05/16 v1.4 Providing info/warning/error messages (HO)
) (/usr/share/texmf-dist/tex/generic/oberdiek/etexcmds.sty
Package: etexcmds 2016/05/16 v1.6 Avoid name clashes with e-TeX commands (HO)
 (/usr/share/texmf-dist/tex/generic/oberdiek/ifluatex.sty
Package: ifluatex 2016/05/16 v1.4 Provides the ifluatex switch (HO)
Package ifluatex Info: LuaTeX not detected.
)
Package etexcmds Info: Could not find \expanded.
(etexcmds)             That can mean that you are not using pdfTeX 1.50 or
(etexcmds)             that some package has redefined \expanded.
(etexcmds)             In the latter case, load this package earlier.
))) (/usr/share/texmf-dist/tex/latex/etoolbox/etoolbox.sty
Package: etoolbox 2018/08/19 v2.5f e-TeX tools for LaTeX (JAW)
\etb@tempcnta=\count88
)) (/usr/share/texmf-dist/tex/latex/tools/tabularx.sty
Package: tabularx 2016/02/03 v2.11b `tabularx' package (DPC)
 (/usr/share/texmf-dist/tex/latex/tools/array.sty
Package: array 2018/12/30 v2.4k Tabular extension package (FMi)
\col@sep=\dimen103
\ar@mcellbox=\box27
\extrarowheight=\dimen104
\NC@list=\toks17
\extratabsurround=\skip43
\backup@length=\skip44
\ar@cellbox=\box28
)
\TX@col@width=\dimen105
\TX@old@table=\dimen106
\TX@old@col=\dimen107
\TX@target=\dimen108
\TX@delta=\dimen109
\TX@cols=\count89
\TX@ftn=\toks18
) (/usr/share/texmf-dist/tex/latex/amsmath/amsmath.sty
Package: amsmath 2018/12/01 v2.17b AMS math features
\@mathmargin=\skip45

For additional information on amsmath, use the `?' option.
(/usr/share/texmf-dist/tex/latex/amsmath/amstext.sty
Package: amstext 2000/06/29 v2.01 AMS text
 (/usr/share/texmf-dist/tex/latex/amsmath/amsgen.sty
File: amsgen.sty 1999/11/30 v2.0 generic functions
\@emptytoks=\toks19
\ex@=\dimen110
)) (/usr/share/texmf-dist/tex/latex/amsmath/amsbsy.sty
Package: amsbsy 1999/11/29 v1.2d Bold Symbols
\pmbraise@=\dimen111
) (/usr/share/texmf-dist/tex/latex/amsmath/amsopn.sty
Package: amsopn 2016/03/08 v2.02 operator names
)
\inf@bad=\count90
LaTeX Info: Redefining \frac on input line 223.
\uproot@=\count91
\leftroot@=\count92
LaTeX Info: Redefining \overline on input line 385.
\classnum@=\count93
\DOTSCASE@=\count94
LaTeX Info: Redefining \ldots on input line 482.
LaTeX Info: Redefining \dots on input line 485.
LaTeX Info: Redefining \cdots on input line 606.
\Mathstrutbox@=\box29
\strutbox@=\box30
\big@size=\dimen112
LaTeX Font Info:    Redeclaring font encoding OML on input line 729.
LaTeX Font Info:    Redeclaring font encoding OMS on input line 730.
\macc@depth=\count95
\c@MaxMatrixCols=\count96
\dotsspace@=\muskip10
\c@parentequation=\count97
\dspbrk@lvl=\count98
\tag@help=\toks20
\row@=\count99
\column@=\count100
\maxfields@=\count101
\andhelp@=\toks21
\eqnshift@=\dimen113
\alignsep@=\dimen114
\tagshift@=\dimen115
\tagwidth@=\dimen116
\totwidth@=\dimen117
\lineht@=\dimen118
\@envbody=\toks22
\multlinegap=\skip46
\multlinetaggap=\skip47
\mathdisplay@stack=\toks23
LaTeX Info: Redefining \[ on input line 2844.
LaTeX Info: Redefining \] on input line 2845.
) (/usr/share/texmf-dist/tex/latex/amsfonts/amssymb.sty
Package: amssymb 2013/01/14 v3.01 AMS font symbols
 (/usr/share/texmf-dist/tex/latex/amsfonts/amsfonts.sty
Package: amsfonts 2013/01/14 v3.01 Basic AMSFonts support
\symAMSa=\mathgroup4
\symAMSb=\mathgroup5
LaTeX Font Info:    Overwriting math alphabet `\mathfrak' in version `bold'
(Font)                  U/euf/m/n --> U/euf/b/n on input line 106.
)) (/usr/share/texmf-dist/tex/latex/amscls/amsthm.sty
Package: amsthm 2017/10/31 v2.20.4
\thm@style=\toks24
\thm@bodyfont=\toks25
\thm@headfont=\toks26
\thm@notefont=\toks27
\thm@headpunct=\toks28
\thm@preskip=\skip48
\thm@postskip=\skip49
\thm@headsep=\skip50
\dth@everypar=\toks29
) (/usr/share/texmf-dist/tex/latex/geometry/geometry.sty
Package: geometry 2018/04/16 v5.8 Page Geometry
 (/usr/share/texmf-dist/tex/generic/oberdiek/ifpdf.sty
Package: ifpdf 2018/09/07 v3.3 Provides the ifpdf switch
) (/usr/share/texmf-dist/tex/generic/oberdiek/ifvtex.sty
Package: ifvtex 2016/05/16 v1.6 Detect VTeX and its facilities (HO)
Package ifvtex Info: VTeX not detected.
) (/usr/share/texmf-dist/tex/generic/ifxetex/ifxetex.sty
Package: ifxetex 2010/09/12 v0.6 Provides ifxetex conditional
)
\Gm@cnth=\count102
\Gm@cntv=\count103
\c@Gm@tempcnt=\count104
\Gm@bindingoffset=\dimen119
\Gm@wd@mp=\dimen120
\Gm@odd@mp=\dimen121
\Gm@even@mp=\dimen122
\Gm@layoutwidth=\dimen123
\Gm@layoutheight=\dimen124
\Gm@layouthoffset=\dimen125
\Gm@layoutvoffset=\dimen126
\Gm@dimlist=\toks30
) (/usr/share/texmf-dist/tex/latex/booktabs/booktabs.sty
Package: booktabs 2016/04/27 v1.618033 publication quality tables
\heavyrulewidth=\dimen127
\lightrulewidth=\dimen128
\cmidrulewidth=\dimen129
\belowrulesep=\dimen130
\belowbottomsep=\dimen131
\aboverulesep=\dimen132
\abovetopsep=\dimen133
\cmidrulesep=\dimen134
\cmidrulekern=\dimen135
\defaultaddspace=\dimen136
\@cmidla=\count105
\@cmidlb=\count106
\@aboverulesep=\dimen137
\@belowrulesep=\dimen138
\@thisruleclass=\count107
\@lastruleclass=\count108
\@thisrulewidth=\dimen139
) (/usr/share/texmf-dist/tex/latex/oberdiek/centernot.sty
Package: centernot 2016/05/16 v1.4 Centers the not symbol horizontally (HO)
) (/usr/share/texmf-dist/tex/latex/hyperref/hyperref.sty
Package: hyperref 2018/11/30 v6.88e Hypertext links for LaTeX
 (/usr/share/texmf-dist/tex/generic/oberdiek/hobsub-hyperref.sty
Package: hobsub-hyperref 2016/05/16 v1.14 Bundle oberdiek, subset hyperref (HO)
 (/usr/share/texmf-dist/tex/generic/oberdiek/hobsub-generic.sty
Package: hobsub-generic 2016/05/16 v1.14 Bundle oberdiek, subset generic (HO)
Package: hobsub 2016/05/16 v1.14 Construct package bundles (HO)
Package hobsub Info: Skipping package `infwarerr' (already loaded).
Package hobsub Info: Skipping package `ltxcmds' (already loaded).
Package hobsub Info: Skipping package `ifluatex' (already loaded).
Package hobsub Info: Skipping package `ifvtex' (already loaded).
Package: intcalc 2016/05/16 v1.2 Expandable calculations with integers (HO)
Package hobsub Info: Skipping package `ifpdf' (already loaded).
Package hobsub Info: Skipping package `etexcmds' (already loaded).
Package hobsub Info: Skipping package `kvsetkeys' (already loaded).
Package: kvdefinekeys 2016/05/16 v1.4 Define keys (HO)
Package: pdftexcmds 2018/09/10 v0.29 Utility functions of pdfTeX for LuaTeX (HO)
Package pdftexcmds Info: LuaTeX not detected.
Package pdftexcmds Info: \pdf@primitive is available.
Package pdftexcmds Info: \pdf@ifprimitive is available.
Package pdftexcmds Info: \pdfdraftmode found.
Package: pdfescape 2016/05/16 v1.14 Implements pdfTeX's escape features (HO)
Package: bigintcalc 2016/05/16 v1.4 Expandable calculations on big integers (HO)
Package: bitset 2016/05/16 v1.2 Handle bit-vector datatype (HO)
Package: uniquecounter 2016/05/16 v1.3 Provide unlimited unique counter (HO)
)
Package hobsub Info: Skipping package `hobsub' (already loaded).
Package: letltxmacro 2016/05/16 v1.5 Let assignment for LaTeX macros (HO)
Package: hopatch 2016/05/16 v1.3 Wrapper for package hooks (HO)
Package: xcolor-patch 2016/05/16 xcolor patch
Package: atveryend 2016/05/16 v1.9 Hooks at the very end of document (HO)
Package: atbegshi 2016/06/09 v1.18 At begin shipout hook (HO)
Package: refcount 2016/05/16 v3.5 Data extraction from label references (HO)
Package: hycolor 2016/05/16 v1.8 Color options for hyperref/bookmark (HO)
) (/usr/share/texmf-dist/tex/latex/oberdiek/auxhook.sty
Package: auxhook 2016/05/16 v1.4 Hooks for auxiliary files (HO)
)
\@linkdim=\dimen140
\Hy@linkcounter=\count109
\Hy@pagecounter=\count110
 (/usr/share/texmf-dist/tex/latex/hyperref/pd1enc.def
File: pd1enc.def 2018/11/30 v6.88e Hyperref: PDFDocEncoding definition (HO)
Now handling font encoding PD1 ...
... no UTF-8 mapping file for font encoding PD1
)
\Hy@SavedSpaceFactor=\count111
 (/usr/share/texmf-dist/tex/latex/latexconfig/hyperref.cfg
File: hyperref.cfg 2002/06/06 v1.2 hyperref configuration of TeXLive
)
Package hyperref Info: Hyper figures OFF on input line 4519.
Package hyperref Info: Link nesting OFF on input line 4524.
Package hyperref Info: Hyper index ON on input line 4527.
Package hyperref Info: Plain pages OFF on input line 4534.
Package hyperref Info: Backreferencing OFF on input line 4539.
Package hyperref Info: Implicit mode ON; LaTeX internals redefined.
Package hyperref Info: Bookmarks ON on input line 4772.
\c@Hy@tempcnt=\count112
 (/usr/share/texmf-dist/tex/latex/url/url.sty
\Urlmuskip=\muskip11
Package: url 2013/09/16  ver 3.4  Verb mode for urls, etc.
)
LaTeX Info: Redefining \url on input line 5125.
\XeTeXLinkMargin=\dimen141
\Fld@menulength=\count113
\Field@Width=\dimen142
\Fld@charsize=\dimen143
Package hyperref Info: Hyper figures OFF on input line 6380.
Package hyperref Info: Link nesting OFF on input line 6385.
Package hyperref Info: Hyper index ON on input line 6388.
Package hyperref Info: backreferencing OFF on input line 6395.
Package hyperref Info: Link coloring OFF on input line 6400.
Package hyperref Info: Link coloring with OCG OFF on input line 6405.
Package hyperref Info: PDF/A mode OFF on input line 6410.
LaTeX Info: Redefining \ref on input line 6450.
LaTeX Info: Redefining \pageref on input line 6454.
\Hy@abspage=\count114
\c@Item=\count115
\c@Hfootnote=\count116
)
Package hyperref Info: Driver (autodetected): hpdftex.
 (/usr/share/texmf-dist/tex/latex/hyperref/hpdftex.def
File: hpdftex.def 2018/11/30 v6.88e Hyperref driver for pdfTeX
\Fld@listcount=\count117
\c@bookmark@seq@number=\count118
 (/usr/share/texmf-dist/tex/latex/oberdiek/rerunfilecheck.sty
Package: rerunfilecheck 2016/05/16 v1.8 Rerun checks for auxiliary files (HO)
Package uniquecounter Info: New unique counter `rerunfilecheck' on input line 282.
)
\Hy@SectionHShift=\skip51
) (/usr/share/texmf-dist/tex/latex/amsfonts/eufrak.sty

Package eufrak Warning: The eufrak package is redundant if the amsfonts package is used on input line 36.

) (/usr/share/texmf-dist/tex/latex/graphics/graphicx.sty
Package: graphicx 2017/06/01 v1.1a Enhanced LaTeX Graphics (DPC,SPQR)
 (/usr/share/texmf-dist/tex/latex/graphics/graphics.sty
Package: graphics 2017/06/25 v1.2c Standard LaTeX Graphics (DPC,SPQR)
 (/usr/share/texmf-dist/tex/latex/graphics/trig.sty
Package: trig 2016/01/03 v1.10 sin cos tan (DPC)
) (/usr/share/texmf-dist/tex/latex/graphics-cfg/graphics.cfg
File: graphics.cfg 2016/06/04 v1.11 sample graphics configuration
)
Package graphics Info: Driver file: pdftex.def on input line 99.
 (/usr/share/texmf-dist/tex/latex/graphics-def/pdftex.def
File: pdftex.def 2018/01/08 v1.0l Graphics/color driver for pdftex
))
\Gin@req@height=\dimen144
\Gin@req@width=\dimen145
) (/usr/share/texmf-dist/tex/latex/fancyhdr/fancyhdr.sty
Package: fancyhdr 2019/01/31 v3.10 Extensive control of page headers and footers
\f@nch@headwidth=\skip52
\f@nch@O@elh=\skip53
\f@nch@O@erh=\skip54
\f@nch@O@olh=\skip55
\f@nch@O@orh=\skip56
\f@nch@O@elf=\skip57
\f@nch@O@erf=\skip58
\f@nch@O@olf=\skip59
\f@nch@O@orf=\skip60
) (./Notes.aux)
\openout1 = `Notes.aux'.

LaTeX Font Info:    Checking defaults for OML/cmm/m/it on input line 27.
LaTeX Font Info:    ... okay on input line 27.
LaTeX Font Info:    Checking defaults for T1/cmr/m/n on input line 27.
LaTeX Font Info:    ... okay on input line 27.
LaTeX Font Info:    Checking defaults for OT1/cmr/m/n on input line 27.
LaTeX Font Info:    ... okay on input line 27.
LaTeX Font Info:    Checking defaults for OMS/cmsy/m/n on input line 27.
LaTeX Font Info:    ... okay on input line 27.
LaTeX Font Info:    Checking defaults for OMX/cmex/m/n on input line 27.
LaTeX Font Info:    ... okay on input line 27.
LaTeX Font Info:    Checking defaults for U/cmr/m/n on input line 27.
LaTeX Font Info:    ... okay on input line 27.
LaTeX Font Info:    Checking defaults for PD1/pdf/m/n on input line 27.
LaTeX Font Info:    ... okay on input line 27.

*geometry* driver: auto-detecting
*geometry* detected driver: pdftex
*geometry* verbose mode - [ preamble ] result:
* driver: pdftex
* paper: a4paper
* layout: <same size as paper>
* layoutoffset:(h,v)=(0.0pt,0.0pt)
* modes: 
* h-part:(L,W,R)=(56.9055pt, 483.69687pt, 56.9055pt)
* v-part:(T,H,B)=(56.9055pt, 731.23584pt, 56.9055pt)
* \paperwidth=597.50787pt
* \paperheight=845.04684pt
* \textwidth=483.69687pt
* \textheight=731.23584pt
* \oddsidemargin=-15.36449pt
* \evensidemargin=-15.36449pt
* \topmargin=-52.36449pt
* \headheight=12.0pt
* \headsep=25.0pt
* \topskip=11.0pt
* \footskip=30.0pt
* \marginparwidth=50.0pt
* \marginparsep=10.0pt
* \columnsep=10.0pt
* \skip\footins=10.0pt plus 4.0pt minus 2.0pt
* \hoffset=0.0pt
* \voffset=0.0pt
* \mag=1000
* \@twocolumnfalse
* \@twosidefalse
* \@mparswitchfalse
* \@reversemarginfalse
* (1in=72.27pt=25.4mm, 1cm=28.453pt)

\AtBeginShipoutBox=\box31
Package hyperref Info: Link coloring OFF on input line 27.
(/usr/share/texmf-dist/tex/latex/hyperref/nameref.sty
Package: nameref 2016/05/21 v2.44 Cross-referencing by name of section
 (/usr/share/texmf-dist/tex/generic/oberdiek/gettitlestring.sty
Package: gettitlestring 2016/05/16 v1.5 Cleanup title references (HO)
)
\c@section@level=\count119
)
LaTeX Info: Redefining \ref on input line 27.
LaTeX Info: Redefining \pageref on input line 27.
LaTeX Info: Redefining \nameref on input line 27.
 (./Notes.out) (./Notes.out)
\@outlinefile=\write3
\openout3 = `Notes.out'.

 (/usr/share/texmf-dist/tex/context/base/mkii/supp-pdf.mkii
[Loading MPS to PDF converter (version 2006.09.02).]
\scratchcounter=\count120
\scratchdimen=\dimen146
\scratchbox=\box32
\nofMPsegments=\count121
\nofMParguments=\count122
\everyMPshowfont=\toks31
\MPscratchCnt=\count123
\MPscratchDim=\dimen147
\MPnumerator=\count124
\makeMPintoPDFobject=\count125
\everyMPtoPDFconversion=\toks32
) (/usr/share/texmf-dist/tex/latex/oberdiek/epstopdf-base.sty
Package: epstopdf-base 2016/05/15 v2.6 Base part for package epstopdf
 (/usr/share/texmf-dist/tex/latex/oberdiek/grfext.sty
Package: grfext 2016/05/16 v1.2 Manage graphics extensions (HO)
)
Package epstopdf-base Info: Redefining graphics rule for `.eps' on input line 438.
Package grfext Info: Graphics extension search list:
(grfext)             [.pdf,.png,.jpg,.mps,.jpeg,.jbig2,.jb2,.PDF,.PNG,.JPG,.JPEG,.JBIG2,.JB2,.eps]
(grfext)             \AppendGraphicsExtensions on input line 456.
 (/usr/share/texmf-dist/tex/latex/latexconfig/epstopdf-sys.cfg
File: epstopdf-sys.cfg 2010/07/13 v1.3 Configuration of (r)epstopdf for TeX Live
))
LaTeX Font Info:    Try loading font information for U+msa on input line 29.
 (/usr/share/texmf-dist/tex/latex/amsfonts/umsa.fd
File: umsa.fd 2013/01/14 v3.01 AMS symbols A
)
LaTeX Font Info:    Try loading font information for U+msb on input line 29.
 (/usr/share/texmf-dist/tex/latex/amsfonts/umsb.fd
File: umsb.fd 2013/01/14 v3.01 AMS symbols B
) (./Notes.toc [1

{/var/lib/texmf/fonts/map/pdftex/updmap/pdftex.map}])
\tf@toc=\write4
\openout4 = `Notes.toc'.



Package Fancyhdr Warning: \headheight is too small (12.0pt): 
Make it at least 13.59999pt.
We now make it that large for the rest of the document.
This may cause the page layout to be inconsistent, however.

[2]
LaTeX Font Info:    Try loading font information for OMS+cmr on input line 41.
 (/usr/share/texmf-dist/tex/latex/base/omscmr.fd
File: omscmr.fd 2014/09/29 v2.5h Standard LaTeX font definitions
)
LaTeX Font Info:    Font shape `OMS/cmr/m/n' in size <10.95> not available
(Font)              Font shape `OMS/cmsy/m/n' tried instead on input line 41.
 [3]
<pics/a-kernel-crossing-illustrated.jpg, id=374, 1284.8pt x 722.7pt>

./Notes.tex:143: Illegal unit of measure (pt inserted).
<to be read again> 
                   \relax 
l.143 ...t=270]{a-kernel-crossing-illustrated.jpg}
                                                  
Dimensions can be in units of em, ex, in, pt, pc,
cm, mm, dd, cc, nd, nc, bp, or sp; but yours is a new one!
I'll assume that you meant to say pt, for printer's points.
To recover gracefully from this error, it's best to
delete the erroneous units; e.g., type `2' to delete
two letters. (See Chapter 27 of The TeXbook.)

./Notes.tex:143: Illegal unit of measure (pt inserted).
<to be read again> 
                   \relax 
l.143 ...t=270]{a-kernel-crossing-illustrated.jpg}
                                                  
Dimensions can be in units of em, ex, in, pt, pc,
cm, mm, dd, cc, nd, nc, bp, or sp; but yours is a new one!
I'll assume that you meant to say pt, for printer's points.
To recover gracefully from this error, it's best to
delete the erroneous units; e.g., type `2' to delete
two letters. (See Chapter 27 of The TeXbook.)

File: pics/a-kernel-crossing-illustrated.jpg Graphic file (type jpg)
<use pics/a-kernel-crossing-illustrated.jpg>
Package pdftex.def Info: pics/a-kernel-crossing-illustrated.jpg  used on input line 143.
(pdftex.def)             Requested size: 479.99521pt x 270.0pt.
[4 <./pics/a-kernel-crossing-illustrated.jpg>] [5]
<pics/system-layers.jpg, id=383, 1284.8pt x 722.7pt>

./Notes.tex:228: Illegal unit of measure (pt inserted).
<to be read again> 
                   \relax 
l.228 ...degraphics[height=270]{system-layers.jpg}
                                                  
Dimensions can be in units of em, ex, in, pt, pc,
cm, mm, dd, cc, nd, nc, bp, or sp; but yours is a new one!
I'll assume that you meant to say pt, for printer's points.
To recover gracefully from this error, it's best to
delete the erroneous units; e.g., type `2' to delete
two letters. (See Chapter 27 of The TeXbook.)

./Notes.tex:228: Illegal unit of measure (pt inserted).
<to be read again> 
                   \relax 
l.228 ...degraphics[height=270]{system-layers.jpg}
                                                  
Dimensions can be in units of em, ex, in, pt, pc,
cm, mm, dd, cc, nd, nc, bp, or sp; but yours is a new one!
I'll assume that you meant to say pt, for printer's points.
To recover gracefully from this error, it's best to
delete the erroneous units; e.g., type `2' to delete
two letters. (See Chapter 27 of The TeXbook.)

File: pics/system-layers.jpg Graphic file (type jpg)
<use pics/system-layers.jpg>
Package pdftex.def Info: pics/system-layers.jpg  used on input line 228.
(pdftex.def)             Requested size: 479.99521pt x 270.0pt.
[6 <./pics/system-layers.jpg>] [7]
<pics/microkernel-structure-illustrated.jpg, id=393, 1284.8pt x 722.7pt>

./Notes.tex:345: Illegal unit of measure (pt inserted).
<to be read again> 
                   \relax 
l.345 ...0]{microkernel-structure-illustrated.jpg}
                                                  
Dimensions can be in units of em, ex, in, pt, pc,
cm, mm, dd, cc, nd, nc, bp, or sp; but yours is a new one!
I'll assume that you meant to say pt, for printer's points.
To recover gracefully from this error, it's best to
delete the erroneous units; e.g., type `2' to delete
two letters. (See Chapter 27 of The TeXbook.)

./Notes.tex:345: Illegal unit of measure (pt inserted).
<to be read again> 
                   \relax 
l.345 ...0]{microkernel-structure-illustrated.jpg}
                                                  
Dimensions can be in units of em, ex, in, pt, pc,
cm, mm, dd, cc, nd, nc, bp, or sp; but yours is a new one!
I'll assume that you meant to say pt, for printer's points.
To recover gracefully from this error, it's best to
delete the erroneous units; e.g., type `2' to delete
two letters. (See Chapter 27 of The TeXbook.)

File: pics/microkernel-structure-illustrated.jpg Graphic file (type jpg)
<use pics/microkernel-structure-illustrated.jpg>
Package pdftex.def Info: pics/microkernel-structure-illustrated.jpg  used on input line 345.
(pdftex.def)             Requested size: 479.99521pt x 270.0pt.
<pics/windows.jpg, id=394, 1284.8pt x 722.7pt>
./Notes.tex:352: Illegal unit of measure (pt inserted).
<to be read again> 
                   \relax 
l.352 \includegraphics[height=270]{windows.jpg}
                                               
Dimensions can be in units of em, ex, in, pt, pc,
cm, mm, dd, cc, nd, nc, bp, or sp; but yours is a new one!
I'll assume that you meant to say pt, for printer's points.
To recover gracefully from this error, it's best to
delete the erroneous units; e.g., type `2' to delete
two letters. (See Chapter 27 of The TeXbook.)

./Notes.tex:352: Illegal unit of measure (pt inserted).
<to be read again> 
                   \relax 
l.352 \includegraphics[height=270]{windows.jpg}
                                               
Dimensions can be in units of em, ex, in, pt, pc,
cm, mm, dd, cc, nd, nc, bp, or sp; but yours is a new one!
I'll assume that you meant to say pt, for printer's points.
To recover gracefully from this error, it's best to
delete the erroneous units; e.g., type `2' to delete
two letters. (See Chapter 27 of The TeXbook.)

File: pics/windows.jpg Graphic file (type jpg)
<use pics/windows.jpg>
Package pdftex.def Info: pics/windows.jpg  used on input line 352.
(pdftex.def)             Requested size: 479.99521pt x 270.0pt.
[8 <./pics/microkernel-structure-illustrated.jpg>]
<pics/minix-3.jpg, id=399, 1284.8pt x 722.7pt>

./Notes.tex:356: Illegal unit of measure (pt inserted).
<to be read again> 
                   \relax 
l.356 \includegraphics[height=270]{minix-3.jpg}
                                               
Dimensions can be in units of em, ex, in, pt, pc,
cm, mm, dd, cc, nd, nc, bp, or sp; but yours is a new one!
I'll assume that you meant to say pt, for printer's points.
To recover gracefully from this error, it's best to
delete the erroneous units; e.g., type `2' to delete
two letters. (See Chapter 27 of The TeXbook.)

./Notes.tex:356: Illegal unit of measure (pt inserted).
<to be read again> 
                   \relax 
l.356 \includegraphics[height=270]{minix-3.jpg}
                                               
Dimensions can be in units of em, ex, in, pt, pc,
cm, mm, dd, cc, nd, nc, bp, or sp; but yours is a new one!
I'll assume that you meant to say pt, for printer's points.
To recover gracefully from this error, it's best to
delete the erroneous units; e.g., type `2' to delete
two letters. (See Chapter 27 of The TeXbook.)

File: pics/minix-3.jpg Graphic file (type jpg)
<use pics/minix-3.jpg>
Package pdftex.def Info: pics/minix-3.jpg  used on input line 356.
(pdftex.def)             Requested size: 479.99521pt x 270.0pt.
[9 <./pics/windows.jpg> <./pics/minix-3.jpg>] [10]
<pics/a-process-address-space.jpg, id=408, 1284.8pt x 722.7pt>

./Notes.tex:434: Illegal unit of measure (pt inserted).
<to be read again> 
                   \relax 
l.434 ...[height=270]{a-process-address-space.jpg}
                                                  
Dimensions can be in units of em, ex, in, pt, pc,
cm, mm, dd, cc, nd, nc, bp, or sp; but yours is a new one!
I'll assume that you meant to say pt, for printer's points.
To recover gracefully from this error, it's best to
delete the erroneous units; e.g., type `2' to delete
two letters. (See Chapter 27 of The TeXbook.)

./Notes.tex:434: Illegal unit of measure (pt inserted).
<to be read again> 
                   \relax 
l.434 ...[height=270]{a-process-address-space.jpg}
                                                  
Dimensions can be in units of em, ex, in, pt, pc,
cm, mm, dd, cc, nd, nc, bp, or sp; but yours is a new one!
I'll assume that you meant to say pt, for printer's points.
To recover gracefully from this error, it's best to
delete the erroneous units; e.g., type `2' to delete
two letters. (See Chapter 27 of The TeXbook.)

File: pics/a-process-address-space.jpg Graphic file (type jpg)
<use pics/a-process-address-space.jpg>
Package pdftex.def Info: pics/a-process-address-space.jpg  used on input line 434.
(pdftex.def)             Requested size: 479.99521pt x 270.0pt.
[11] [12 <./pics/a-process-address-space.jpg>]
<pics/process-context-switch.jpg, id=417, 1284.8pt x 722.7pt>

./Notes.tex:518: Illegal unit of measure (pt inserted).
<to be read again> 
                   \relax 
l.518 ...s[height=270]{process-context-switch.jpg}
                                                  
Dimensions can be in units of em, ex, in, pt, pc,
cm, mm, dd, cc, nd, nc, bp, or sp; but yours is a new one!
I'll assume that you meant to say pt, for printer's points.
To recover gracefully from this error, it's best to
delete the erroneous units; e.g., type `2' to delete
two letters. (See Chapter 27 of The TeXbook.)

./Notes.tex:518: Illegal unit of measure (pt inserted).
<to be read again> 
                   \relax 
l.518 ...s[height=270]{process-context-switch.jpg}
                                                  
Dimensions can be in units of em, ex, in, pt, pc,
cm, mm, dd, cc, nd, nc, bp, or sp; but yours is a new one!
I'll assume that you meant to say pt, for printer's points.
To recover gracefully from this error, it's best to
delete the erroneous units; e.g., type `2' to delete
two letters. (See Chapter 27 of The TeXbook.)

File: pics/process-context-switch.jpg Graphic file (type jpg)
<use pics/process-context-switch.jpg>
Package pdftex.def Info: pics/process-context-switch.jpg  used on input line 518.
(pdftex.def)             Requested size: 479.99521pt x 270.0pt.
[13]
<pics/process-states-and-state-transitions.jpg, id=424, 1284.8pt x 722.7pt>

./Notes.tex:539: Illegal unit of measure (pt inserted).
<to be read again> 
                   \relax 
l.539 ...process-states-and-state-transitions.jpg}
                                                  
Dimensions can be in units of em, ex, in, pt, pc,
cm, mm, dd, cc, nd, nc, bp, or sp; but yours is a new one!
I'll assume that you meant to say pt, for printer's points.
To recover gracefully from this error, it's best to
delete the erroneous units; e.g., type `2' to delete
two letters. (See Chapter 27 of The TeXbook.)

./Notes.tex:539: Illegal unit of measure (pt inserted).
<to be read again> 
                   \relax 
l.539 ...process-states-and-state-transitions.jpg}
                                                  
Dimensions can be in units of em, ex, in, pt, pc,
cm, mm, dd, cc, nd, nc, bp, or sp; but yours is a new one!
I'll assume that you meant to say pt, for printer's points.
To recover gracefully from this error, it's best to
delete the erroneous units; e.g., type `2' to delete
two letters. (See Chapter 27 of The TeXbook.)

File: pics/process-states-and-state-transitions.jpg Graphic file (type jpg)
<use pics/process-states-and-state-transitions.jpg>
Package pdftex.def Info: pics/process-states-and-state-transitions.jpg  used on input line 539.
(pdftex.def)             Requested size: 479.99521pt x 270.0pt.
[14 <./pics/process-context-switch.jpg> <./pics/process-states-and-state-transitions.jpg>] [15]
<pics/fork.jpg, id=433, 1284.8pt x 722.7pt>

./Notes.tex:637: Illegal unit of measure (pt inserted).
<to be read again> 
                   \relax 
l.637 \includegraphics[height=270]{fork.jpg}
                                            
Dimensions can be in units of em, ex, in, pt, pc,
cm, mm, dd, cc, nd, nc, bp, or sp; but yours is a new one!
I'll assume that you meant to say pt, for printer's points.
To recover gracefully from this error, it's best to
delete the erroneous units; e.g., type `2' to delete
two letters. (See Chapter 27 of The TeXbook.)

./Notes.tex:637: Illegal unit of measure (pt inserted).
<to be read again> 
                   \relax 
l.637 \includegraphics[height=270]{fork.jpg}
                                            
Dimensions can be in units of em, ex, in, pt, pc,
cm, mm, dd, cc, nd, nc, bp, or sp; but yours is a new one!
I'll assume that you meant to say pt, for printer's points.
To recover gracefully from this error, it's best to
delete the erroneous units; e.g., type `2' to delete
two letters. (See Chapter 27 of The TeXbook.)

File: pics/fork.jpg Graphic file (type jpg)
<use pics/fork.jpg>
Package pdftex.def Info: pics/fork.jpg  used on input line 637.
(pdftex.def)             Requested size: 479.99521pt x 270.0pt.
LaTeX Font Info:    Font shape `OT1/cmtt/bx/n' in size <10.95> not available
(Font)              Font shape `OT1/cmtt/m/n' tried instead on input line 639.
[16 <./pics/fork.jpg>]
<pics/exec-and-fork.jpg, id=438, 1284.8pt x 722.7pt>

./Notes.tex:654: Illegal unit of measure (pt inserted).
<to be read again> 
                   \relax 
l.654 ...degraphics[height=270]{exec-and-fork.jpg}
                                                  
Dimensions can be in units of em, ex, in, pt, pc,
cm, mm, dd, cc, nd, nc, bp, or sp; but yours is a new one!
I'll assume that you meant to say pt, for printer's points.
To recover gracefully from this error, it's best to
delete the erroneous units; e.g., type `2' to delete
two letters. (See Chapter 27 of The TeXbook.)

./Notes.tex:654: Illegal unit of measure (pt inserted).
<to be read again> 
                   \relax 
l.654 ...degraphics[height=270]{exec-and-fork.jpg}
                                                  
Dimensions can be in units of em, ex, in, pt, pc,
cm, mm, dd, cc, nd, nc, bp, or sp; but yours is a new one!
I'll assume that you meant to say pt, for printer's points.
To recover gracefully from this error, it's best to
delete the erroneous units; e.g., type `2' to delete
two letters. (See Chapter 27 of The TeXbook.)

File: pics/exec-and-fork.jpg Graphic file (type jpg)
<use pics/exec-and-fork.jpg>
Package pdftex.def Info: pics/exec-and-fork.jpg  used on input line 654.
(pdftex.def)             Requested size: 479.99521pt x 270.0pt.
[17 <./pics/exec-and-fork.jpg>] [18] [19]
<pics/the-design-space.jpg, id=452, 1284.8pt x 722.7pt>

./Notes.tex:844: Illegal unit of measure (pt inserted).
<to be read again> 
                   \relax 
l.844 ...raphics[height=270]{the-design-space.jpg}
                                                  
Dimensions can be in units of em, ex, in, pt, pc,
cm, mm, dd, cc, nd, nc, bp, or sp; but yours is a new one!
I'll assume that you meant to say pt, for printer's points.
To recover gracefully from this error, it's best to
delete the erroneous units; e.g., type `2' to delete
two letters. (See Chapter 27 of The TeXbook.)

./Notes.tex:844: Illegal unit of measure (pt inserted).
<to be read again> 
                   \relax 
l.844 ...raphics[height=270]{the-design-space.jpg}
                                                  
Dimensions can be in units of em, ex, in, pt, pc,
cm, mm, dd, cc, nd, nc, bp, or sp; but yours is a new one!
I'll assume that you meant to say pt, for printer's points.
To recover gracefully from this error, it's best to
delete the erroneous units; e.g., type `2' to delete
two letters. (See Chapter 27 of The TeXbook.)

File: pics/the-design-space.jpg Graphic file (type jpg)
<use pics/the-design-space.jpg>
Package pdftex.def Info: pics/the-design-space.jpg  used on input line 844.
(pdftex.def)             Requested size: 479.99521pt x 270.0pt.
[20]
<pics/process-address-space.jpg, id=457, 1284.8pt x 722.7pt>

./Notes.tex:848: Illegal unit of measure (pt inserted).
<to be read again> 
                   \relax 
l.848 ...cs[height=270]{process-address-space.jpg}
                                                  
Dimensions can be in units of em, ex, in, pt, pc,
cm, mm, dd, cc, nd, nc, bp, or sp; but yours is a new one!
I'll assume that you meant to say pt, for printer's points.
To recover gracefully from this error, it's best to
delete the erroneous units; e.g., type `2' to delete
two letters. (See Chapter 27 of The TeXbook.)

./Notes.tex:848: Illegal unit of measure (pt inserted).
<to be read again> 
                   \relax 
l.848 ...cs[height=270]{process-address-space.jpg}
                                                  
Dimensions can be in units of em, ex, in, pt, pc,
cm, mm, dd, cc, nd, nc, bp, or sp; but yours is a new one!
I'll assume that you meant to say pt, for printer's points.
To recover gracefully from this error, it's best to
delete the erroneous units; e.g., type `2' to delete
two letters. (See Chapter 27 of The TeXbook.)

File: pics/process-address-space.jpg Graphic file (type jpg)
<use pics/process-address-space.jpg>
Package pdftex.def Info: pics/process-address-space.jpg  used on input line 848.
(pdftex.def)             Requested size: 479.99521pt x 270.0pt.
<pics/process-address-space-threads.jpg, id=458, 1284.8pt x 722.7pt>
./Notes.tex:850: Illegal unit of measure (pt inserted).
<to be read again> 
                   \relax 
l.850 ...t=270]{process-address-space-threads.jpg}
                                                  
Dimensions can be in units of em, ex, in, pt, pc,
cm, mm, dd, cc, nd, nc, bp, or sp; but yours is a new one!
I'll assume that you meant to say pt, for printer's points.
To recover gracefully from this error, it's best to
delete the erroneous units; e.g., type `2' to delete
two letters. (See Chapter 27 of The TeXbook.)

./Notes.tex:850: Illegal unit of measure (pt inserted).
<to be read again> 
                   \relax 
l.850 ...t=270]{process-address-space-threads.jpg}
                                                  
Dimensions can be in units of em, ex, in, pt, pc,
cm, mm, dd, cc, nd, nc, bp, or sp; but yours is a new one!
I'll assume that you meant to say pt, for printer's points.
To recover gracefully from this error, it's best to
delete the erroneous units; e.g., type `2' to delete
two letters. (See Chapter 27 of The TeXbook.)

File: pics/process-address-space-threads.jpg Graphic file (type jpg)
<use pics/process-address-space-threads.jpg>
Package pdftex.def Info: pics/process-address-space-threads.jpg  used on input line 850.
(pdftex.def)             Requested size: 479.99521pt x 270.0pt.
[21 <./pics/the-design-space.jpg> <./pics/process-address-space.jpg>] [22 <./pics/process-address-space-threads.jpg>]
<pics/kernel-threads.jpg, id=467, 1284.8pt x 722.7pt>

./Notes.tex:895: Illegal unit of measure (pt inserted).
<to be read again> 
                   \relax 
l.895 ...egraphics[height=270]{kernel-threads.jpg}
                                                  
Dimensions can be in units of em, ex, in, pt, pc,
cm, mm, dd, cc, nd, nc, bp, or sp; but yours is a new one!
I'll assume that you meant to say pt, for printer's points.
To recover gracefully from this error, it's best to
delete the erroneous units; e.g., type `2' to delete
two letters. (See Chapter 27 of The TeXbook.)

./Notes.tex:895: Illegal unit of measure (pt inserted).
<to be read again> 
                   \relax 
l.895 ...egraphics[height=270]{kernel-threads.jpg}
                                                  
Dimensions can be in units of em, ex, in, pt, pc,
cm, mm, dd, cc, nd, nc, bp, or sp; but yours is a new one!
I'll assume that you meant to say pt, for printer's points.
To recover gracefully from this error, it's best to
delete the erroneous units; e.g., type `2' to delete
two letters. (See Chapter 27 of The TeXbook.)

File: pics/kernel-threads.jpg Graphic file (type jpg)
<use pics/kernel-threads.jpg>
Package pdftex.def Info: pics/kernel-threads.jpg  used on input line 895.
(pdftex.def)             Requested size: 479.99521pt x 270.0pt.
[23 <./pics/kernel-threads.jpg>]
<pics/user-level-threads.jpg, id=473, 1284.8pt x 722.7pt>

./Notes.tex:946: Illegal unit of measure (pt inserted).
<to be read again> 
                   \relax 
l.946 ...phics[height=270]{user-level-threads.jpg}
                                                  
Dimensions can be in units of em, ex, in, pt, pc,
cm, mm, dd, cc, nd, nc, bp, or sp; but yours is a new one!
I'll assume that you meant to say pt, for printer's points.
To recover gracefully from this error, it's best to
delete the erroneous units; e.g., type `2' to delete
two letters. (See Chapter 27 of The TeXbook.)

./Notes.tex:946: Illegal unit of measure (pt inserted).
<to be read again> 
                   \relax 
l.946 ...phics[height=270]{user-level-threads.jpg}
                                                  
Dimensions can be in units of em, ex, in, pt, pc,
cm, mm, dd, cc, nd, nc, bp, or sp; but yours is a new one!
I'll assume that you meant to say pt, for printer's points.
To recover gracefully from this error, it's best to
delete the erroneous units; e.g., type `2' to delete
two letters. (See Chapter 27 of The TeXbook.)

File: pics/user-level-threads.jpg Graphic file (type jpg)
<use pics/user-level-threads.jpg>
Package pdftex.def Info: pics/user-level-threads.jpg  used on input line 946.
(pdftex.def)             Requested size: 479.99521pt x 270.0pt.
[24 <./pics/user-level-threads.jpg>] [25] [26]
<pics/critical-sections.jpg, id=487, 1284.8pt x 722.7pt>

./Notes.tex:1107: Illegal unit of measure (pt inserted).
<to be read again> 
                   \relax 
l.1107 ...phics[height=270]{critical-sections.jpg}
                                                  
Dimensions can be in units of em, ex, in, pt, pc,
cm, mm, dd, cc, nd, nc, bp, or sp; but yours is a new one!
I'll assume that you meant to say pt, for printer's points.
To recover gracefully from this error, it's best to
delete the erroneous units; e.g., type `2' to delete
two letters. (See Chapter 27 of The TeXbook.)

./Notes.tex:1107: Illegal unit of measure (pt inserted).
<to be read again> 
                   \relax 
l.1107 ...phics[height=270]{critical-sections.jpg}
                                                  
Dimensions can be in units of em, ex, in, pt, pc,
cm, mm, dd, cc, nd, nc, bp, or sp; but yours is a new one!
I'll assume that you meant to say pt, for printer's points.
To recover gracefully from this error, it's best to
delete the erroneous units; e.g., type `2' to delete
two letters. (See Chapter 27 of The TeXbook.)

File: pics/critical-sections.jpg Graphic file (type jpg)
<use pics/critical-sections.jpg>
Package pdftex.def Info: pics/critical-sections.jpg  used on input line 1107.
(pdftex.def)             Requested size: 479.99521pt x 270.0pt.
[27 <./pics/critical-sections.jpg>] [28]
<pics/locks.jpg, id=498, 1284.8pt x 722.7pt>

./Notes.tex:1188: Illegal unit of measure (pt inserted).
<to be read again> 
                   \relax 
l.1188 \includegraphics[height=270]{locks.jpg}
                                              
Dimensions can be in units of em, ex, in, pt, pc,
cm, mm, dd, cc, nd, nc, bp, or sp; but yours is a new one!
I'll assume that you meant to say pt, for printer's points.
To recover gracefully from this error, it's best to
delete the erroneous units; e.g., type `2' to delete
two letters. (See Chapter 27 of The TeXbook.)

./Notes.tex:1188: Illegal unit of measure (pt inserted).
<to be read again> 
                   \relax 
l.1188 \includegraphics[height=270]{locks.jpg}
                                              
Dimensions can be in units of em, ex, in, pt, pc,
cm, mm, dd, cc, nd, nc, bp, or sp; but yours is a new one!
I'll assume that you meant to say pt, for printer's points.
To recover gracefully from this error, it's best to
delete the erroneous units; e.g., type `2' to delete
two letters. (See Chapter 27 of The TeXbook.)

File: pics/locks.jpg Graphic file (type jpg)
<use pics/locks.jpg>
Package pdftex.def Info: pics/locks.jpg  used on input line 1188.
(pdftex.def)             Requested size: 479.99521pt x 270.0pt.
[29 <./pics/locks.jpg>] [30] [31]
<pics/bounded-buffer-using-semaphores.jpg, id=513, 1284.8pt x 722.7pt>

./Notes.tex:1348: Illegal unit of measure (pt inserted).
<to be read again> 
                   \relax 
l.1348 ...70]{bounded-buffer-using-semaphores.jpg}
                                                  
Dimensions can be in units of em, ex, in, pt, pc,
cm, mm, dd, cc, nd, nc, bp, or sp; but yours is a new one!
I'll assume that you meant to say pt, for printer's points.
To recover gracefully from this error, it's best to
delete the erroneous units; e.g., type `2' to delete
two letters. (See Chapter 27 of The TeXbook.)

./Notes.tex:1348: Illegal unit of measure (pt inserted).
<to be read again> 
                   \relax 
l.1348 ...70]{bounded-buffer-using-semaphores.jpg}
                                                  
Dimensions can be in units of em, ex, in, pt, pc,
cm, mm, dd, cc, nd, nc, bp, or sp; but yours is a new one!
I'll assume that you meant to say pt, for printer's points.
To recover gracefully from this error, it's best to
delete the erroneous units; e.g., type `2' to delete
two letters. (See Chapter 27 of The TeXbook.)

File: pics/bounded-buffer-using-semaphores.jpg Graphic file (type jpg)
<use pics/bounded-buffer-using-semaphores.jpg>
Package pdftex.def Info: pics/bounded-buffer-using-semaphores.jpg  used on input line 1348.
(pdftex.def)             Requested size: 479.99521pt x 270.0pt.
<pics/readers-writers-using-semaphores.jpg, id=514, 1284.8pt x 722.7pt>
./Notes.tex:1350: Illegal unit of measure (pt inserted).
<to be read again> 
                   \relax 
l.1350 ...0]{readers-writers-using-semaphores.jpg}
                                                  
Dimensions can be in units of em, ex, in, pt, pc,
cm, mm, dd, cc, nd, nc, bp, or sp; but yours is a new one!
I'll assume that you meant to say pt, for printer's points.
To recover gracefully from this error, it's best to
delete the erroneous units; e.g., type `2' to delete
two letters. (See Chapter 27 of The TeXbook.)

./Notes.tex:1350: Illegal unit of measure (pt inserted).
<to be read again> 
                   \relax 
l.1350 ...0]{readers-writers-using-semaphores.jpg}
                                                  
Dimensions can be in units of em, ex, in, pt, pc,
cm, mm, dd, cc, nd, nc, bp, or sp; but yours is a new one!
I'll assume that you meant to say pt, for printer's points.
To recover gracefully from this error, it's best to
delete the erroneous units; e.g., type `2' to delete
two letters. (See Chapter 27 of The TeXbook.)

File: pics/readers-writers-using-semaphores.jpg Graphic file (type jpg)
<use pics/readers-writers-using-semaphores.jpg>
Package pdftex.def Info: pics/readers-writers-using-semaphores.jpg  used on input line 1350.
(pdftex.def)             Requested size: 479.99521pt x 270.0pt.
[32 <./pics/bounded-buffer-using-semaphores.jpg> <./pics/readers-writers-using-semaphores.jpg>] [33]
<pics/a-monitor.jpg, id=523, 1284.8pt x 722.7pt>

./Notes.tex:1445: Illegal unit of measure (pt inserted).
<to be read again> 
                   \relax 
l.1445 \includegraphics[height=270]{a-monitor.jpg}
                                                  
Dimensions can be in units of em, ex, in, pt, pc,
cm, mm, dd, cc, nd, nc, bp, or sp; but yours is a new one!
I'll assume that you meant to say pt, for printer's points.
To recover gracefully from this error, it's best to
delete the erroneous units; e.g., type `2' to delete
two letters. (See Chapter 27 of The TeXbook.)

./Notes.tex:1445: Illegal unit of measure (pt inserted).
<to be read again> 
                   \relax 
l.1445 \includegraphics[height=270]{a-monitor.jpg}
                                                  
Dimensions can be in units of em, ex, in, pt, pc,
cm, mm, dd, cc, nd, nc, bp, or sp; but yours is a new one!
I'll assume that you meant to say pt, for printer's points.
To recover gracefully from this error, it's best to
delete the erroneous units; e.g., type `2' to delete
two letters. (See Chapter 27 of The TeXbook.)

File: pics/a-monitor.jpg Graphic file (type jpg)
<use pics/a-monitor.jpg>
Package pdftex.def Info: pics/a-monitor.jpg  used on input line 1445.
(pdftex.def)             Requested size: 479.99521pt x 270.0pt.
[34 <./pics/a-monitor.jpg>] [35] [36]
<pics/deadlock.jpg, id=536, 1284.8pt x 722.7pt>

./Notes.tex:1582: Illegal unit of measure (pt inserted).
<to be read again> 
                   \relax 
l.1582 \includegraphics[height=270]{deadlock.jpg}
                                                 
Dimensions can be in units of em, ex, in, pt, pc,
cm, mm, dd, cc, nd, nc, bp, or sp; but yours is a new one!
I'll assume that you meant to say pt, for printer's points.
To recover gracefully from this error, it's best to
delete the erroneous units; e.g., type `2' to delete
two letters. (See Chapter 27 of The TeXbook.)

./Notes.tex:1582: Illegal unit of measure (pt inserted).
<to be read again> 
                   \relax 
l.1582 \includegraphics[height=270]{deadlock.jpg}
                                                 
Dimensions can be in units of em, ex, in, pt, pc,
cm, mm, dd, cc, nd, nc, bp, or sp; but yours is a new one!
I'll assume that you meant to say pt, for printer's points.
To recover gracefully from this error, it's best to
delete the erroneous units; e.g., type `2' to delete
two letters. (See Chapter 27 of The TeXbook.)

File: pics/deadlock.jpg Graphic file (type jpg)
<use pics/deadlock.jpg>
Package pdftex.def Info: pics/deadlock.jpg  used on input line 1582.
(pdftex.def)             Requested size: 479.99521pt x 270.0pt.
<pics/resource-allocation-graph-with-a-deadlock.jpg, id=537, 1284.8pt x 722.7pt>
./Notes.tex:1602: Illegal unit of measure (pt inserted).
<to be read again> 
                   \relax 
l.1602 ...ce-allocation-graph-with-a-deadlock.jpg}
                                                  
Dimensions can be in units of em, ex, in, pt, pc,
cm, mm, dd, cc, nd, nc, bp, or sp; but yours is a new one!
I'll assume that you meant to say pt, for printer's points.
To recover gracefully from this error, it's best to
delete the erroneous units; e.g., type `2' to delete
two letters. (See Chapter 27 of The TeXbook.)

./Notes.tex:1602: Illegal unit of measure (pt inserted).
<to be read again> 
                   \relax 
l.1602 ...ce-allocation-graph-with-a-deadlock.jpg}
                                                  
Dimensions can be in units of em, ex, in, pt, pc,
cm, mm, dd, cc, nd, nc, bp, or sp; but yours is a new one!
I'll assume that you meant to say pt, for printer's points.
To recover gracefully from this error, it's best to
delete the erroneous units; e.g., type `2' to delete
two letters. (See Chapter 27 of The TeXbook.)

File: pics/resource-allocation-graph-with-a-deadlock.jpg Graphic file (type jpg)
<use pics/resource-allocation-graph-with-a-deadlock.jpg>
Package pdftex.def Info: pics/resource-allocation-graph-with-a-deadlock.jpg  used on input line 1602.
(pdftex.def)             Requested size: 479.99521pt x 270.0pt.
[37 <./pics/deadlock.jpg>] [38 <./pics/resource-allocation-graph-with-a-deadlock.jpg>] [39] [40]
<pics/resource-allocation-graph-and-wait-for-graph.jpg, id=575, 1284.8pt x 722.7pt>

./Notes.tex:1793: Illegal unit of measure (pt inserted).
<to be read again> 
                   \relax 
l.1793 ...allocation-graph-and-wait-for-graph.jpg}
                                                  
Dimensions can be in units of em, ex, in, pt, pc,
cm, mm, dd, cc, nd, nc, bp, or sp; but yours is a new one!
I'll assume that you meant to say pt, for printer's points.
To recover gracefully from this error, it's best to
delete the erroneous units; e.g., type `2' to delete
two letters. (See Chapter 27 of The TeXbook.)

./Notes.tex:1793: Illegal unit of measure (pt inserted).
<to be read again> 
                   \relax 
l.1793 ...allocation-graph-and-wait-for-graph.jpg}
                                                  
Dimensions can be in units of em, ex, in, pt, pc,
cm, mm, dd, cc, nd, nc, bp, or sp; but yours is a new one!
I'll assume that you meant to say pt, for printer's points.
To recover gracefully from this error, it's best to
delete the erroneous units; e.g., type `2' to delete
two letters. (See Chapter 27 of The TeXbook.)

File: pics/resource-allocation-graph-and-wait-for-graph.jpg Graphic file (type jpg)
<use pics/resource-allocation-graph-and-wait-for-graph.jpg>
Package pdftex.def Info: pics/resource-allocation-graph-and-wait-for-graph.jpg  used on input line 1793.
(pdftex.def)             Requested size: 479.99521pt x 270.0pt.
[41 <./pics/resource-allocation-graph-and-wait-for-graph.jpg>] [42] [43] [44]
Underfull \hbox (badness 10000) in paragraph at lines 2000--2001

 []

[45] [46] [47] [48] [49] [50] [51]
<pics/users-view-of-a-program.jpg, id=629, 1284.8pt x 722.7pt>

./Notes.tex:2502: Illegal unit of measure (pt inserted).
<to be read again> 
                   \relax 
l.2502 ...height=270]{users-view-of-a-program.jpg}
                                                  
Dimensions can be in units of em, ex, in, pt, pc,
cm, mm, dd, cc, nd, nc, bp, or sp; but yours is a new one!
I'll assume that you meant to say pt, for printer's points.
To recover gracefully from this error, it's best to
delete the erroneous units; e.g., type `2' to delete
two letters. (See Chapter 27 of The TeXbook.)

./Notes.tex:2502: Illegal unit of measure (pt inserted).
<to be read again> 
                   \relax 
l.2502 ...height=270]{users-view-of-a-program.jpg}
                                                  
Dimensions can be in units of em, ex, in, pt, pc,
cm, mm, dd, cc, nd, nc, bp, or sp; but yours is a new one!
I'll assume that you meant to say pt, for printer's points.
To recover gracefully from this error, it's best to
delete the erroneous units; e.g., type `2' to delete
two letters. (See Chapter 27 of The TeXbook.)

File: pics/users-view-of-a-program.jpg Graphic file (type jpg)
<use pics/users-view-of-a-program.jpg>
Package pdftex.def Info: pics/users-view-of-a-program.jpg  used on input line 2502.
(pdftex.def)             Requested size: 479.99521pt x 270.0pt.
[52]
<pics/segment-lookups.jpg, id=634, 1284.8pt x 722.7pt>

./Notes.tex:2518: Illegal unit of measure (pt inserted).
<to be read again> 
                   \relax 
l.2518 ...raphics[height=270]{segment-lookups.jpg}
                                                  
Dimensions can be in units of em, ex, in, pt, pc,
cm, mm, dd, cc, nd, nc, bp, or sp; but yours is a new one!
I'll assume that you meant to say pt, for printer's points.
To recover gracefully from this error, it's best to
delete the erroneous units; e.g., type `2' to delete
two letters. (See Chapter 27 of The TeXbook.)

./Notes.tex:2518: Illegal unit of measure (pt inserted).
<to be read again> 
                   \relax 
l.2518 ...raphics[height=270]{segment-lookups.jpg}
                                                  
Dimensions can be in units of em, ex, in, pt, pc,
cm, mm, dd, cc, nd, nc, bp, or sp; but yours is a new one!
I'll assume that you meant to say pt, for printer's points.
To recover gracefully from this error, it's best to
delete the erroneous units; e.g., type `2' to delete
two letters. (See Chapter 27 of The TeXbook.)

File: pics/segment-lookups.jpg Graphic file (type jpg)
<use pics/segment-lookups.jpg>
Package pdftex.def Info: pics/segment-lookups.jpg  used on input line 2518.
(pdftex.def)             Requested size: 479.99521pt x 270.0pt.
[53 <./pics/users-view-of-a-program.jpg> <./pics/segment-lookups.jpg>] [54]
<pics/paging-hardware.jpg, id=643, 1284.8pt x 722.7pt>

./Notes.tex:2569: Illegal unit of measure (pt inserted).
<to be read again> 
                   \relax 
l.2569 ...raphics[height=270]{paging-hardware.jpg}
                                                  
Dimensions can be in units of em, ex, in, pt, pc,
cm, mm, dd, cc, nd, nc, bp, or sp; but yours is a new one!
I'll assume that you meant to say pt, for printer's points.
To recover gracefully from this error, it's best to
delete the erroneous units; e.g., type `2' to delete
two letters. (See Chapter 27 of The TeXbook.)

./Notes.tex:2569: Illegal unit of measure (pt inserted).
<to be read again> 
                   \relax 
l.2569 ...raphics[height=270]{paging-hardware.jpg}
                                                  
Dimensions can be in units of em, ex, in, pt, pc,
cm, mm, dd, cc, nd, nc, bp, or sp; but yours is a new one!
I'll assume that you meant to say pt, for printer's points.
To recover gracefully from this error, it's best to
delete the erroneous units; e.g., type `2' to delete
two letters. (See Chapter 27 of The TeXbook.)

File: pics/paging-hardware.jpg Graphic file (type jpg)
<use pics/paging-hardware.jpg>
Package pdftex.def Info: pics/paging-hardware.jpg  used on input line 2569.
(pdftex.def)             Requested size: 479.99521pt x 270.0pt.
[55 <./pics/paging-hardware.jpg>]
<pics/paging-hardware-with-tlb.jpg, id=649, 1284.8pt x 722.7pt>

./Notes.tex:2613: Illegal unit of measure (pt inserted).
<to be read again> 
                   \relax 
l.2613 ...eight=270]{paging-hardware-with-tlb.jpg}
                                                  
Dimensions can be in units of em, ex, in, pt, pc,
cm, mm, dd, cc, nd, nc, bp, or sp; but yours is a new one!
I'll assume that you meant to say pt, for printer's points.
To recover gracefully from this error, it's best to
delete the erroneous units; e.g., type `2' to delete
two letters. (See Chapter 27 of The TeXbook.)

./Notes.tex:2613: Illegal unit of measure (pt inserted).
<to be read again> 
                   \relax 
l.2613 ...eight=270]{paging-hardware-with-tlb.jpg}
                                                  
Dimensions can be in units of em, ex, in, pt, pc,
cm, mm, dd, cc, nd, nc, bp, or sp; but yours is a new one!
I'll assume that you meant to say pt, for printer's points.
To recover gracefully from this error, it's best to
delete the erroneous units; e.g., type `2' to delete
two letters. (See Chapter 27 of The TeXbook.)

File: pics/paging-hardware-with-tlb.jpg Graphic file (type jpg)
<use pics/paging-hardware-with-tlb.jpg>
Package pdftex.def Info: pics/paging-hardware-with-tlb.jpg  used on input line 2613.
(pdftex.def)             Requested size: 479.99521pt x 270.0pt.
[56 <./pics/paging-hardware-with-tlb.jpg>]
<pics/valid-or-invalid-bit-in-a-page-table.jpg, id=654, 1284.8pt x 722.7pt>

./Notes.tex:2660: Illegal unit of measure (pt inserted).
<to be read again> 
                   \relax 
l.2660 ...alid-or-invalid-bit-in-a-page-table.jpg}
                                                  
Dimensions can be in units of em, ex, in, pt, pc,
cm, mm, dd, cc, nd, nc, bp, or sp; but yours is a new one!
I'll assume that you meant to say pt, for printer's points.
To recover gracefully from this error, it's best to
delete the erroneous units; e.g., type `2' to delete
two letters. (See Chapter 27 of The TeXbook.)

./Notes.tex:2660: Illegal unit of measure (pt inserted).
<to be read again> 
                   \relax 
l.2660 ...alid-or-invalid-bit-in-a-page-table.jpg}
                                                  
Dimensions can be in units of em, ex, in, pt, pc,
cm, mm, dd, cc, nd, nc, bp, or sp; but yours is a new one!
I'll assume that you meant to say pt, for printer's points.
To recover gracefully from this error, it's best to
delete the erroneous units; e.g., type `2' to delete
two letters. (See Chapter 27 of The TeXbook.)

File: pics/valid-or-invalid-bit-in-a-page-table.jpg Graphic file (type jpg)
<use pics/valid-or-invalid-bit-in-a-page-table.jpg>
Package pdftex.def Info: pics/valid-or-invalid-bit-in-a-page-table.jpg  used on input line 2660.
(pdftex.def)             Requested size: 479.99521pt x 270.0pt.
<pics/shared-pages-example.jpg, id=655, 1284.8pt x 722.7pt>
./Notes.tex:2682: Illegal unit of measure (pt inserted).
<to be read again> 
                   \relax 
l.2682 ...cs[height=270]{shared-pages-example.jpg}
                                                  
Dimensions can be in units of em, ex, in, pt, pc,
cm, mm, dd, cc, nd, nc, bp, or sp; but yours is a new one!
I'll assume that you meant to say pt, for printer's points.
To recover gracefully from this error, it's best to
delete the erroneous units; e.g., type `2' to delete
two letters. (See Chapter 27 of The TeXbook.)

./Notes.tex:2682: Illegal unit of measure (pt inserted).
<to be read again> 
                   \relax 
l.2682 ...cs[height=270]{shared-pages-example.jpg}
                                                  
Dimensions can be in units of em, ex, in, pt, pc,
cm, mm, dd, cc, nd, nc, bp, or sp; but yours is a new one!
I'll assume that you meant to say pt, for printer's points.
To recover gracefully from this error, it's best to
delete the erroneous units; e.g., type `2' to delete
two letters. (See Chapter 27 of The TeXbook.)

File: pics/shared-pages-example.jpg Graphic file (type jpg)
<use pics/shared-pages-example.jpg>
Package pdftex.def Info: pics/shared-pages-example.jpg  used on input line 2682.
(pdftex.def)             Requested size: 479.99521pt x 270.0pt.
[57 <./pics/valid-or-invalid-bit-in-a-page-table.jpg>]
<pics/two-level-page-table-scheme.jpg, id=660, 1284.8pt x 722.7pt>

./Notes.tex:2710: Illegal unit of measure (pt inserted).
<to be read again> 
                   \relax 
l.2710 ...ht=270]{two-level-page-table-scheme.jpg}
                                                  
Dimensions can be in units of em, ex, in, pt, pc,
cm, mm, dd, cc, nd, nc, bp, or sp; but yours is a new one!
I'll assume that you meant to say pt, for printer's points.
To recover gracefully from this error, it's best to
delete the erroneous units; e.g., type `2' to delete
two letters. (See Chapter 27 of The TeXbook.)

./Notes.tex:2710: Illegal unit of measure (pt inserted).
<to be read again> 
                   \relax 
l.2710 ...ht=270]{two-level-page-table-scheme.jpg}
                                                  
Dimensions can be in units of em, ex, in, pt, pc,
cm, mm, dd, cc, nd, nc, bp, or sp; but yours is a new one!
I'll assume that you meant to say pt, for printer's points.
To recover gracefully from this error, it's best to
delete the erroneous units; e.g., type `2' to delete
two letters. (See Chapter 27 of The TeXbook.)

File: pics/two-level-page-table-scheme.jpg Graphic file (type jpg)
<use pics/two-level-page-table-scheme.jpg>
Package pdftex.def Info: pics/two-level-page-table-scheme.jpg  used on input line 2710.
(pdftex.def)             Requested size: 479.99521pt x 270.0pt.
[58 <./pics/shared-pages-example.jpg>] [59 <./pics/two-level-page-table-scheme.jpg>]
<pics/hashed-page-table.jpg, id=670, 1284.8pt x 722.7pt>

./Notes.tex:2795: Illegal unit of measure (pt inserted).
<to be read again> 
                   \relax 
l.2795 ...phics[height=270]{hashed-page-table.jpg}
                                                  
Dimensions can be in units of em, ex, in, pt, pc,
cm, mm, dd, cc, nd, nc, bp, or sp; but yours is a new one!
I'll assume that you meant to say pt, for printer's points.
To recover gracefully from this error, it's best to
delete the erroneous units; e.g., type `2' to delete
two letters. (See Chapter 27 of The TeXbook.)

./Notes.tex:2795: Illegal unit of measure (pt inserted).
<to be read again> 
                   \relax 
l.2795 ...phics[height=270]{hashed-page-table.jpg}
                                                  
Dimensions can be in units of em, ex, in, pt, pc,
cm, mm, dd, cc, nd, nc, bp, or sp; but yours is a new one!
I'll assume that you meant to say pt, for printer's points.
To recover gracefully from this error, it's best to
delete the erroneous units; e.g., type `2' to delete
two letters. (See Chapter 27 of The TeXbook.)

File: pics/hashed-page-table.jpg Graphic file (type jpg)
<use pics/hashed-page-table.jpg>
Package pdftex.def Info: pics/hashed-page-table.jpg  used on input line 2795.
(pdftex.def)             Requested size: 479.99521pt x 270.0pt.
[60 <./pics/hashed-page-table.jpg>] [61] [62]
<pics/page-table-when-some-pages-are-not-in-main-memory.jpg, id=687, 1284.8pt x 722.7pt>

./Notes.tex:2957: Illegal unit of measure (pt inserted).
<to be read again> 
                   \relax 
l.2957 ...n-some-pages-are-not-in-main-memory.jpg}
                                                  
Dimensions can be in units of em, ex, in, pt, pc,
cm, mm, dd, cc, nd, nc, bp, or sp; but yours is a new one!
I'll assume that you meant to say pt, for printer's points.
To recover gracefully from this error, it's best to
delete the erroneous units; e.g., type `2' to delete
two letters. (See Chapter 27 of The TeXbook.)

./Notes.tex:2957: Illegal unit of measure (pt inserted).
<to be read again> 
                   \relax 
l.2957 ...n-some-pages-are-not-in-main-memory.jpg}
                                                  
Dimensions can be in units of em, ex, in, pt, pc,
cm, mm, dd, cc, nd, nc, bp, or sp; but yours is a new one!
I'll assume that you meant to say pt, for printer's points.
To recover gracefully from this error, it's best to
delete the erroneous units; e.g., type `2' to delete
two letters. (See Chapter 27 of The TeXbook.)

File: pics/page-table-when-some-pages-are-not-in-main-memory.jpg Graphic file (type jpg)
<use pics/page-table-when-some-pages-are-not-in-main-memory.jpg>
Package pdftex.def Info: pics/page-table-when-some-pages-are-not-in-main-memory.jpg  used on input line 2957.
(pdftex.def)             Requested size: 479.99521pt x 270.0pt.
[63]
<pics/steps-in-handling-a-page-fault.jpg, id=697, 1284.8pt x 722.7pt>

./Notes.tex:2959: Illegal unit of measure (pt inserted).
<to be read again> 
                   \relax 
l.2959 ...270]{steps-in-handling-a-page-fault.jpg}
                                                  
Dimensions can be in units of em, ex, in, pt, pc,
cm, mm, dd, cc, nd, nc, bp, or sp; but yours is a new one!
I'll assume that you meant to say pt, for printer's points.
To recover gracefully from this error, it's best to
delete the erroneous units; e.g., type `2' to delete
two letters. (See Chapter 27 of The TeXbook.)

./Notes.tex:2959: Illegal unit of measure (pt inserted).
<to be read again> 
                   \relax 
l.2959 ...270]{steps-in-handling-a-page-fault.jpg}
                                                  
Dimensions can be in units of em, ex, in, pt, pc,
cm, mm, dd, cc, nd, nc, bp, or sp; but yours is a new one!
I'll assume that you meant to say pt, for printer's points.
To recover gracefully from this error, it's best to
delete the erroneous units; e.g., type `2' to delete
two letters. (See Chapter 27 of The TeXbook.)

File: pics/steps-in-handling-a-page-fault.jpg Graphic file (type jpg)
<use pics/steps-in-handling-a-page-fault.jpg>
Package pdftex.def Info: pics/steps-in-handling-a-page-fault.jpg  used on input line 2959.
(pdftex.def)             Requested size: 479.99521pt x 270.0pt.
[64 <./pics/page-table-when-some-pages-are-not-in-main-memory.jpg> <./pics/steps-in-handling-a-page-fault.jpg>]
<pics/page-replacement.jpg, id=702, 1284.8pt x 722.7pt>

./Notes.tex:3009: Illegal unit of measure (pt inserted).
<to be read again> 
                   \relax 
l.3009 ...aphics[height=270]{page-replacement.jpg}
                                                  
Dimensions can be in units of em, ex, in, pt, pc,
cm, mm, dd, cc, nd, nc, bp, or sp; but yours is a new one!
I'll assume that you meant to say pt, for printer's points.
To recover gracefully from this error, it's best to
delete the erroneous units; e.g., type `2' to delete
two letters. (See Chapter 27 of The TeXbook.)

./Notes.tex:3009: Illegal unit of measure (pt inserted).
<to be read again> 
                   \relax 
l.3009 ...aphics[height=270]{page-replacement.jpg}
                                                  
Dimensions can be in units of em, ex, in, pt, pc,
cm, mm, dd, cc, nd, nc, bp, or sp; but yours is a new one!
I'll assume that you meant to say pt, for printer's points.
To recover gracefully from this error, it's best to
delete the erroneous units; e.g., type `2' to delete
two letters. (See Chapter 27 of The TeXbook.)

File: pics/page-replacement.jpg Graphic file (type jpg)
<use pics/page-replacement.jpg>
Package pdftex.def Info: pics/page-replacement.jpg  used on input line 3009.
(pdftex.def)             Requested size: 479.99521pt x 270.0pt.
[65 <./pics/page-replacement.jpg>] [66] [67] [68]
./Notes.tex:3303: You can't use `macro parameter character #' in horizontal mode.
l.3303 ...tem Unix --- initial characters (e.g.\ #
                                                  )
Sorry, but I'm not programmed to handle this case;
I'll just pretend that you didn't ask for it.
If you're in the wrong mode, you might be able to
return to the right one by typing `I}' or `I$' or `I\par'.

[69]
<pics/example-of-index-and-relative-files.jpg, id=732, 1284.8pt x 722.7pt>

./Notes.tex:3353: Illegal unit of measure (pt inserted).
<to be read again> 
                   \relax 
l.3353 ...example-of-index-and-relative-files.jpg}
                                                  
Dimensions can be in units of em, ex, in, pt, pc,
cm, mm, dd, cc, nd, nc, bp, or sp; but yours is a new one!
I'll assume that you meant to say pt, for printer's points.
To recover gracefully from this error, it's best to
delete the erroneous units; e.g., type `2' to delete
two letters. (See Chapter 27 of The TeXbook.)

./Notes.tex:3353: Illegal unit of measure (pt inserted).
<to be read again> 
                   \relax 
l.3353 ...example-of-index-and-relative-files.jpg}
                                                  
Dimensions can be in units of em, ex, in, pt, pc,
cm, mm, dd, cc, nd, nc, bp, or sp; but yours is a new one!
I'll assume that you meant to say pt, for printer's points.
To recover gracefully from this error, it's best to
delete the erroneous units; e.g., type `2' to delete
two letters. (See Chapter 27 of The TeXbook.)

File: pics/example-of-index-and-relative-files.jpg Graphic file (type jpg)
<use pics/example-of-index-and-relative-files.jpg>
Package pdftex.def Info: pics/example-of-index-and-relative-files.jpg  used on input line 3353.
(pdftex.def)             Requested size: 479.99521pt x 270.0pt.
[70 <./pics/example-of-index-and-relative-files.jpg>] [71] [72]
<pics/basic-file-system-structures.jpg, id=745, 1284.8pt x 722.7pt>

./Notes.tex:3556: Illegal unit of measure (pt inserted).
<to be read again> 
                   \relax 
l.3556 ...t=270]{basic-file-system-structures.jpg}
                                                  
Dimensions can be in units of em, ex, in, pt, pc,
cm, mm, dd, cc, nd, nc, bp, or sp; but yours is a new one!
I'll assume that you meant to say pt, for printer's points.
To recover gracefully from this error, it's best to
delete the erroneous units; e.g., type `2' to delete
two letters. (See Chapter 27 of The TeXbook.)

./Notes.tex:3556: Illegal unit of measure (pt inserted).
<to be read again> 
                   \relax 
l.3556 ...t=270]{basic-file-system-structures.jpg}
                                                  
Dimensions can be in units of em, ex, in, pt, pc,
cm, mm, dd, cc, nd, nc, bp, or sp; but yours is a new one!
I'll assume that you meant to say pt, for printer's points.
To recover gracefully from this error, it's best to
delete the erroneous units; e.g., type `2' to delete
two letters. (See Chapter 27 of The TeXbook.)

File: pics/basic-file-system-structures.jpg Graphic file (type jpg)
<use pics/basic-file-system-structures.jpg>
Package pdftex.def Info: pics/basic-file-system-structures.jpg  used on input line 3556.
(pdftex.def)             Requested size: 479.99521pt x 270.0pt.
[73]
<pics/pathname-resolution.jpg, id=758, 1284.8pt x 722.7pt>

./Notes.tex:3585: Illegal unit of measure (pt inserted).
<to be read again> 
                   \relax 
l.3585 ...ics[height=270]{pathname-resolution.jpg}
                                                  
Dimensions can be in units of em, ex, in, pt, pc,
cm, mm, dd, cc, nd, nc, bp, or sp; but yours is a new one!
I'll assume that you meant to say pt, for printer's points.
To recover gracefully from this error, it's best to
delete the erroneous units; e.g., type `2' to delete
two letters. (See Chapter 27 of The TeXbook.)

./Notes.tex:3585: Illegal unit of measure (pt inserted).
<to be read again> 
                   \relax 
l.3585 ...ics[height=270]{pathname-resolution.jpg}
                                                  
Dimensions can be in units of em, ex, in, pt, pc,
cm, mm, dd, cc, nd, nc, bp, or sp; but yours is a new one!
I'll assume that you meant to say pt, for printer's points.
To recover gracefully from this error, it's best to
delete the erroneous units; e.g., type `2' to delete
two letters. (See Chapter 27 of The TeXbook.)

File: pics/pathname-resolution.jpg Graphic file (type jpg)
<use pics/pathname-resolution.jpg>
Package pdftex.def Info: pics/pathname-resolution.jpg  used on input line 3585.
(pdftex.def)             Requested size: 479.99521pt x 270.0pt.
[74 <./pics/basic-file-system-structures.jpg>]
Overfull \hbox (15.07059pt too wide) in paragraph at lines 3600--3600
 []    \OT1/cmtt/m/n/10.95 block_addr(inode_num) = block_offset_of_first_inode + (inode_num * inode_size)[] 
 []

[75 <./pics/pathname-resolution.jpg>]
<pics/the-block-list-portion-of-the-inode.jpg, id=767, 1284.8pt x 722.7pt>

./Notes.tex:3645: Illegal unit of measure (pt inserted).
<to be read again> 
                   \relax 
l.3645 ...the-block-list-portion-of-the-inode.jpg}
                                                  
Dimensions can be in units of em, ex, in, pt, pc,
cm, mm, dd, cc, nd, nc, bp, or sp; but yours is a new one!
I'll assume that you meant to say pt, for printer's points.
To recover gracefully from this error, it's best to
delete the erroneous units; e.g., type `2' to delete
two letters. (See Chapter 27 of The TeXbook.)

./Notes.tex:3645: Illegal unit of measure (pt inserted).
<to be read again> 
                   \relax 
l.3645 ...the-block-list-portion-of-the-inode.jpg}
                                                  
Dimensions can be in units of em, ex, in, pt, pc,
cm, mm, dd, cc, nd, nc, bp, or sp; but yours is a new one!
I'll assume that you meant to say pt, for printer's points.
To recover gracefully from this error, it's best to
delete the erroneous units; e.g., type `2' to delete
two letters. (See Chapter 27 of The TeXbook.)

File: pics/the-block-list-portion-of-the-inode.jpg Graphic file (type jpg)
<use pics/the-block-list-portion-of-the-inode.jpg>
Package pdftex.def Info: pics/the-block-list-portion-of-the-inode.jpg  used on input line 3645.
(pdftex.def)             Requested size: 479.99521pt x 270.0pt.
[76 <./pics/the-block-list-portion-of-the-inode.jpg>]
<pics/putting-it-all-together.jpg, id=772, 1284.8pt x 722.7pt>

./Notes.tex:3687: Illegal unit of measure (pt inserted).
<to be read again> 
                   \relax 
l.3687 ...height=270]{putting-it-all-together.jpg}
                                                  
Dimensions can be in units of em, ex, in, pt, pc,
cm, mm, dd, cc, nd, nc, bp, or sp; but yours is a new one!
I'll assume that you meant to say pt, for printer's points.
To recover gracefully from this error, it's best to
delete the erroneous units; e.g., type `2' to delete
two letters. (See Chapter 27 of The TeXbook.)

./Notes.tex:3687: Illegal unit of measure (pt inserted).
<to be read again> 
                   \relax 
l.3687 ...height=270]{putting-it-all-together.jpg}
                                                  
Dimensions can be in units of em, ex, in, pt, pc,
cm, mm, dd, cc, nd, nc, bp, or sp; but yours is a new one!
I'll assume that you meant to say pt, for printer's points.
To recover gracefully from this error, it's best to
delete the erroneous units; e.g., type `2' to delete
two letters. (See Chapter 27 of The TeXbook.)

File: pics/putting-it-all-together.jpg Graphic file (type jpg)
<use pics/putting-it-all-together.jpg>
Package pdftex.def Info: pics/putting-it-all-together.jpg  used on input line 3687.
(pdftex.def)             Requested size: 479.99521pt x 270.0pt.
[77 <./pics/putting-it-all-together.jpg>]
<pics/virtual-machine-diagram.jpg, id=777, 1284.8pt x 722.7pt>

./Notes.tex:3741: Illegal unit of measure (pt inserted).
<to be read again> 
                   \relax 
l.3741 ...height=270]{virtual-machine-diagram.jpg}
                                                  
Dimensions can be in units of em, ex, in, pt, pc,
cm, mm, dd, cc, nd, nc, bp, or sp; but yours is a new one!
I'll assume that you meant to say pt, for printer's points.
To recover gracefully from this error, it's best to
delete the erroneous units; e.g., type `2' to delete
two letters. (See Chapter 27 of The TeXbook.)

./Notes.tex:3741: Illegal unit of measure (pt inserted).
<to be read again> 
                   \relax 
l.3741 ...height=270]{virtual-machine-diagram.jpg}
                                                  
Dimensions can be in units of em, ex, in, pt, pc,
cm, mm, dd, cc, nd, nc, bp, or sp; but yours is a new one!
I'll assume that you meant to say pt, for printer's points.
To recover gracefully from this error, it's best to
delete the erroneous units; e.g., type `2' to delete
two letters. (See Chapter 27 of The TeXbook.)

File: pics/virtual-machine-diagram.jpg Graphic file (type jpg)
<use pics/virtual-machine-diagram.jpg>
Package pdftex.def Info: pics/virtual-machine-diagram.jpg  used on input line 3741.
(pdftex.def)             Requested size: 479.99521pt x 270.0pt.
<pics/hypervisor-types.jpg, id=778, 1284.8pt x 722.7pt>
./Notes.tex:3759: Illegal unit of measure (pt inserted).
<to be read again> 
                   \relax 
l.3759 ...aphics[height=270]{hypervisor-types.jpg}
                                                  
Dimensions can be in units of em, ex, in, pt, pc,
cm, mm, dd, cc, nd, nc, bp, or sp; but yours is a new one!
I'll assume that you meant to say pt, for printer's points.
To recover gracefully from this error, it's best to
delete the erroneous units; e.g., type `2' to delete
two letters. (See Chapter 27 of The TeXbook.)

./Notes.tex:3759: Illegal unit of measure (pt inserted).
<to be read again> 
                   \relax 
l.3759 ...aphics[height=270]{hypervisor-types.jpg}
                                                  
Dimensions can be in units of em, ex, in, pt, pc,
cm, mm, dd, cc, nd, nc, bp, or sp; but yours is a new one!
I'll assume that you meant to say pt, for printer's points.
To recover gracefully from this error, it's best to
delete the erroneous units; e.g., type `2' to delete
two letters. (See Chapter 27 of The TeXbook.)

File: pics/hypervisor-types.jpg Graphic file (type jpg)
<use pics/hypervisor-types.jpg>
Package pdftex.def Info: pics/hypervisor-types.jpg  used on input line 3759.
(pdftex.def)             Requested size: 479.99521pt x 270.0pt.
[78 <./pics/virtual-machine-diagram.jpg>] [79 <./pics/hypervisor-types.jpg>] [80]
<pics/virtualising-x86-on-modern-hardware.jpg, id=795, 1284.8pt x 722.7pt>

./Notes.tex:3908: Illegal unit of measure (pt inserted).
<to be read again> 
                   \relax 
l.3908 ...virtualising-x86-on-modern-hardware.jpg}
                                                  
Dimensions can be in units of em, ex, in, pt, pc,
cm, mm, dd, cc, nd, nc, bp, or sp; but yours is a new one!
I'll assume that you meant to say pt, for printer's points.
To recover gracefully from this error, it's best to
delete the erroneous units; e.g., type `2' to delete
two letters. (See Chapter 27 of The TeXbook.)

./Notes.tex:3908: Illegal unit of measure (pt inserted).
<to be read again> 
                   \relax 
l.3908 ...virtualising-x86-on-modern-hardware.jpg}
                                                  
Dimensions can be in units of em, ex, in, pt, pc,
cm, mm, dd, cc, nd, nc, bp, or sp; but yours is a new one!
I'll assume that you meant to say pt, for printer's points.
To recover gracefully from this error, it's best to
delete the erroneous units; e.g., type `2' to delete
two letters. (See Chapter 27 of The TeXbook.)

File: pics/virtualising-x86-on-modern-hardware.jpg Graphic file (type jpg)
<use pics/virtualising-x86-on-modern-hardware.jpg>
Package pdftex.def Info: pics/virtualising-x86-on-modern-hardware.jpg  used on input line 3908.
(pdftex.def)             Requested size: 479.99521pt x 270.0pt.
[81 <./pics/virtualising-x86-on-modern-hardware.jpg>] [82]
Package atveryend Info: Empty hook `BeforeClearDocument' on input line 3960.
 [83]
Package atveryend Info: Empty hook `AfterLastShipout' on input line 3960.
 (./Notes.aux)
Package atveryend Info: Executing hook `AtVeryEndDocument' on input line 3960.
Package atveryend Info: Executing hook `AtEndAfterFileList' on input line 3960.
Package rerunfilecheck Info: File `Notes.out' has not changed.
(rerunfilecheck)             Checksum: C21430A027C49B8A74DD16D4503A54EA;4315.
 ) 
Here is how much of TeX's memory you used:
 7570 strings out of 492616
 110300 string characters out of 6135178
 206282 words of memory out of 5000000
 11120 multiletter control sequences out of 15000+600000
 13483 words of font info for 51 fonts, out of 8000000 for 9000
 1141 hyphenation exceptions out of 8191
 37i,11n,43p,813b,514s stack positions out of 5000i,500n,10000p,200000b,80000s
</usr/share/texmf-dist/fonts/type1/public/amsfonts/cm/cmbx10.pfb></usr/share/texmf-dist/fonts/type1/public/amsfonts/cm/cmbx12.pfb></usr/share/texmf-dist/fonts/type1/public/amsfonts/cm/cmbxti10.pfb></usr/share/texmf-dist/fonts/type1/public/amsfonts/cm/cmcsc10.pfb></usr/share/texmf-dist/fonts/type1/public/amsfonts/cm/cmmi10.pfb></usr/share/texmf-dist/fonts/type1/public/amsfonts/cm/cmmi8.pfb></usr/share/texmf-dist/fonts/type1/public/amsfonts/cm/cmr10.pfb></usr/share/texmf-dist/fonts/type1/public/amsfonts/cm/cmr12.pfb></usr/share/texmf-dist/fonts/type1/public/amsfonts/cm/cmr17.pfb></usr/share/texmf-dist/fonts/type1/public/amsfonts/cm/cmr6.pfb></usr/share/texmf-dist/fonts/type1/public/amsfonts/cm/cmr8.pfb></usr/share/texmf-dist/fonts/type1/public/amsfonts/cm/cmsy10.pfb></usr/share/texmf-dist/fonts/type1/public/amsfonts/cm/cmsy8.pfb></usr/share/texmf-dist/fonts/type1/public/amsfonts/cm/cmti10.pfb></usr/share/texmf-dist/fonts/type1/public/amsfonts/cm/cmtt10.pfb></usr/share/texmf-dist/fonts/type1/public/amsfonts/cm/cmtt8.pfb>
Output written on Notes.pdf (83 pages, 4581060 bytes).
PDF statistics:
 907 PDF objects out of 1000 (max. 8388607)
 756 compressed objects within 8 object streams
 203 named destinations out of 1000 (max. 500000)
 763 words of extra memory for PDF output out of 10000 (max. 10000000)

