\BOOKMARK [1][-]{section.1}{Lecture 2: Operating System Structure}{}% 1
\BOOKMARK [2][-]{subsection.1.1}{Architectural features affecting OSs}{section.1}% 2
\BOOKMARK [2][-]{subsection.1.2}{Privileged instructions}{section.1}% 3
\BOOKMARK [2][-]{subsection.1.3}{OS protections}{section.1}% 4
\BOOKMARK [2][-]{subsection.1.4}{Crossing protection boundaries}{section.1}% 5
\BOOKMARK [2][-]{subsection.1.5}{Syscall}{section.1}% 6
\BOOKMARK [2][-]{subsection.1.6}{System call issues}{section.1}% 7
\BOOKMARK [2][-]{subsection.1.7}{Exception handling and protection}{section.1}% 8
\BOOKMARK [2][-]{subsection.1.8}{OS structure}{section.1}% 9
\BOOKMARK [2][-]{subsection.1.9}{Operating system design and implementation}{section.1}% 10
\BOOKMARK [2][-]{subsection.1.10}{System layers}{section.1}% 11
\BOOKMARK [2][-]{subsection.1.11}{Major OS components}{section.1}% 12
\BOOKMARK [2][-]{subsection.1.12}{OS structure}{section.1}% 13
\BOOKMARK [2][-]{subsection.1.13}{Monolithic design}{section.1}% 14
\BOOKMARK [2][-]{subsection.1.14}{Layering}{section.1}% 15
\BOOKMARK [2][-]{subsection.1.15}{Hardware abstraction layer}{section.1}% 16
\BOOKMARK [2][-]{subsection.1.16}{Microkernels}{section.1}% 17
\BOOKMARK [2][-]{subsection.1.17}{Comparison of OS structures}{section.1}% 18
\BOOKMARK [2][-]{subsection.1.18}{Loadable kernel modules}{section.1}% 19
\BOOKMARK [2][-]{subsection.1.19}{Summary}{section.1}% 20
\BOOKMARK [1][-]{section.2}{Lecture 3: Processes}{}% 21
\BOOKMARK [2][-]{subsection.2.1}{What is a ``process''?}{section.2}% 22
\BOOKMARK [2][-]{subsection.2.2}{What's ``in'' a process?}{section.2}% 23
\BOOKMARK [2][-]{subsection.2.3}{The OS process namespace}{section.2}% 24
\BOOKMARK [2][-]{subsection.2.4}{Representation of processes by the OS}{section.2}% 25
\BOOKMARK [2][-]{subsection.2.5}{The PCB}{section.2}% 26
